0 info it worked if it ends with ok
1 verbose cli [ '/Users/edh04/.nvm/versions/node/v6.9.4/bin/node',
1 verbose cli   '/Users/edh04/.nvm/versions/node/v6.9.4/bin/npm',
1 verbose cli   'run',
1 verbose cli   'start',
1 verbose cli   'wheels=HandBuiltWheels' ]
2 info using npm@3.10.10
3 info using node@v6.9.4
4 verbose run-script [ 'prestart', 'start', 'poststart' ]
5 info lifecycle ioc_example@1.0.0~prestart: ioc_example@1.0.0
6 silly lifecycle ioc_example@1.0.0~prestart: no script for prestart, continuing
7 info lifecycle ioc_example@1.0.0~start: ioc_example@1.0.0
8 verbose lifecycle ioc_example@1.0.0~start: unsafe-perm in lifecycle true
9 verbose lifecycle ioc_example@1.0.0~start: PATH: /Users/edh04/.nvm/versions/node/v6.9.4/lib/node_modules/npm/bin/node-gyp-bin:/Users/edh04/Documents/ioc_example/node_modules/.bin:/Users/edh04/.rvm/gems/ruby-2.3.3/bin:/Users/edh04/.rvm/gems/ruby-2.3.3@global/bin:/Users/edh04/.rvm/rubies/ruby-2.3.3/bin:/Users/edh04/.nvm/versions/node/v6.9.4/bin:/Library/Frameworks/Python.framework/Versions/3.5/bin:/usr/local/bin:/usr/bin:/bin:/usr/sbin:/sbin:/usr/local/go/bin:/usr/local/MacGPG2/bin:/Users/edh04/.rvm/gems/ruby-2.3.3/bin:/Users/edh04/.rvm/gems/ruby-2.3.3@global/bin:/Users/edh04/.rvm/rubies/ruby-2.3.3/bin:/Library/Frameworks/Python.framework/Versions/3.5/bin:/Users/edh04/.rvm/bin
10 verbose lifecycle ioc_example@1.0.0~start: CWD: /Users/edh04/Documents/ioc_example
11 silly lifecycle ioc_example@1.0.0~start: Args: [ '-c', 'node app.js "wheels=HandBuiltWheels"' ]
12 silly lifecycle ioc_example@1.0.0~start: Returned: code: 1  signal: null
13 info lifecycle ioc_example@1.0.0~start: Failed to exec start script
14 verbose stack Error: ioc_example@1.0.0 start: `node app.js "wheels=HandBuiltWheels"`
14 verbose stack Exit status 1
14 verbose stack     at EventEmitter.<anonymous> (/Users/edh04/.nvm/versions/node/v6.9.4/lib/node_modules/npm/lib/utils/lifecycle.js:255:16)
14 verbose stack     at emitTwo (events.js:106:13)
14 verbose stack     at EventEmitter.emit (events.js:191:7)
14 verbose stack     at ChildProcess.<anonymous> (/Users/edh04/.nvm/versions/node/v6.9.4/lib/node_modules/npm/lib/utils/spawn.js:40:14)
14 verbose stack     at emitTwo (events.js:106:13)
14 verbose stack     at ChildProcess.emit (events.js:191:7)
14 verbose stack     at maybeClose (internal/child_process.js:877:16)
14 verbose stack     at Process.ChildProcess._handle.onexit (internal/child_process.js:226:5)
15 verbose pkgid ioc_example@1.0.0
16 verbose cwd /Users/edh04/Documents/ioc_example
17 error Darwin 16.7.0
18 error argv "/Users/edh04/.nvm/versions/node/v6.9.4/bin/node" "/Users/edh04/.nvm/versions/node/v6.9.4/bin/npm" "run" "start" "wheels=HandBuiltWheels"
19 error node v6.9.4
20 error npm  v3.10.10
21 error code ELIFECYCLE
22 error ioc_example@1.0.0 start: `node app.js "wheels=HandBuiltWheels"`
22 error Exit status 1
23 error Failed at the ioc_example@1.0.0 start script 'node app.js "wheels=HandBuiltWheels"'.
23 error Make sure you have the latest version of node.js and npm installed.
23 error If you do, this is most likely a problem with the ioc_example package,
23 error not with npm itself.
23 error Tell the author that this fails on your system:
23 error     node app.js "wheels=HandBuiltWheels"
23 error You can get information on how to open an issue for this project with:
23 error     npm bugs ioc_example
23 error Or if that isn't available, you can get their info via:
23 error     npm owner ls ioc_example
23 error There is likely additional logging output above.
24 verbose exit [ 1, true ]
